#-----------------------------------------------------------
# Vivado v2017.4 (64-bit)
# SW Build 2086221 on Fri Dec 15 20:55:39 MST 2017
# IP Build 2085800 on Fri Dec 15 22:25:07 MST 2017
# Start of session at: Thu Apr 11 17:42:49 2024
# Process ID: 19192
# Current directory: C:/code/zynq_pri/zynq_study/hdmi_output_picture/rtl/syn
# Command line: vivado.exe -gui_launcher_event rodinguilauncherevent17856 C:\code\zynq_pri\zynq_study\hdmi_output_picture\rtl\syn\top.xpr
# Log file: C:/code/zynq_pri/zynq_study/hdmi_output_picture/rtl/syn/vivado.log
# Journal file: C:/code/zynq_pri/zynq_study/hdmi_output_picture/rtl/syn\vivado.jou
#-----------------------------------------------------------
start_gui
open_project C:/code/zynq_pri/zynq_study/hdmi_output_picture/rtl/syn/top.xpr
Scanning sources...
Finished scanning sources
INFO: [IP_Flow 19-234] Refreshing IP repositories
INFO: [IP_Flow 19-1704] No user IP repositories specified
INFO: [IP_Flow 19-2313] Loaded Vivado IP repository 'C:/Xilinx/Vivado/2017.4/data/ip'.
open_project: Time (s): cpu = 00:00:05 ; elapsed = 00:00:08 . Memory (MB): peak = 720.992 ; gain = 62.320
update_compile_order -fileset sources_1
INFO: [Device 21-403] Loading part xc7z020clg400-2
WARNING: [IP_Flow 19-4067] Ignoring invalid widget type specified checkbox.Providing a default widget
WARNING: [IP_Flow 19-4067] Ignoring invalid widget type specified checkbox.Providing a default widget
set_property -dict [list CONFIG.Coe_File {C:/code/zynq_pri/zynq_study/hdmi_output_picture/alg/picture_24.coe}] [get_ips blk_mem_gen_0]
INFO: [IP_Flow 19-3484] Absolute path of file 'c:/code/zynq_pri/zynq_study/hdmi_output_picture/alg/picture_24.coe' provided. It will be converted relative to IP Instance files '../../../../../../alg/picture_24.coe'
generate_target all [get_files  C:/code/zynq_pri/zynq_study/hdmi_output_picture/rtl/syn/top.srcs/sources_1/ip/blk_mem_gen_0/blk_mem_gen_0.xci]
INFO: [IP_Flow 19-1686] Generating 'Instantiation Template' target for IP 'blk_mem_gen_0'...
INFO: [IP_Flow 19-1686] Generating 'Synthesis' target for IP 'blk_mem_gen_0'...
INFO: [IP_Flow 19-1686] Generating 'Simulation' target for IP 'blk_mem_gen_0'...
INFO: [IP_Flow 19-1686] Generating 'Miscellaneous' target for IP 'blk_mem_gen_0'...
INFO: [IP_Flow 19-1686] Generating 'Change Log' target for IP 'blk_mem_gen_0'...
generate_target: Time (s): cpu = 00:00:05 ; elapsed = 00:00:06 . Memory (MB): peak = 984.305 ; gain = 0.000
catch { config_ip_cache -export [get_ips -all blk_mem_gen_0] }
export_ip_user_files -of_objects [get_files C:/code/zynq_pri/zynq_study/hdmi_output_picture/rtl/syn/top.srcs/sources_1/ip/blk_mem_gen_0/blk_mem_gen_0.xci] -no_script -sync -force -quiet
reset_run blk_mem_gen_0_synth_1
launch_runs -jobs 8 blk_mem_gen_0_synth_1
[Thu Apr 11 17:47:13 2024] Launched blk_mem_gen_0_synth_1...
Run output will be captured here: C:/code/zynq_pri/zynq_study/hdmi_output_picture/rtl/syn/top.runs/blk_mem_gen_0_synth_1/runme.log
export_simulation -of_objects [get_files C:/code/zynq_pri/zynq_study/hdmi_output_picture/rtl/syn/top.srcs/sources_1/ip/blk_mem_gen_0/blk_mem_gen_0.xci] -directory C:/code/zynq_pri/zynq_study/hdmi_output_picture/rtl/syn/top.ip_user_files/sim_scripts -ip_user_files_dir C:/code/zynq_pri/zynq_study/hdmi_output_picture/rtl/syn/top.ip_user_files -ipstatic_source_dir C:/code/zynq_pri/zynq_study/hdmi_output_picture/rtl/syn/top.ip_user_files/ipstatic -lib_map_path [list {modelsim=C:/code/zynq_pri/zynq_study/hdmi_output_picture/rtl/syn/top.cache/compile_simlib/modelsim} {questa=C:/code/zynq_pri/zynq_study/hdmi_output_picture/rtl/syn/top.cache/compile_simlib/questa} {riviera=C:/code/zynq_pri/zynq_study/hdmi_output_picture/rtl/syn/top.cache/compile_simlib/riviera} {activehdl=C:/code/zynq_pri/zynq_study/hdmi_output_picture/rtl/syn/top.cache/compile_simlib/activehdl}] -use_ip_compiled_libs -force -quiet
reset_run synth_1
WARNING: [Vivado 12-1017] Problems encountered:
1. Failed to delete one or more files in run directory C:/code/zynq_pri/zynq_study/hdmi_output_picture/rtl/syn/top.runs/synth_1

launch_runs impl_1 -to_step write_bitstream -jobs 8
[Thu Apr 11 17:47:54 2024] Launched blk_mem_gen_0_synth_1, synth_1...
Run output will be captured here:
blk_mem_gen_0_synth_1: C:/code/zynq_pri/zynq_study/hdmi_output_picture/rtl/syn/top.runs/blk_mem_gen_0_synth_1/runme.log
synth_1: C:/code/zynq_pri/zynq_study/hdmi_output_picture/rtl/syn/top.runs/synth_1/runme.log
[Thu Apr 11 17:47:54 2024] Launched impl_1...
Run output will be captured here: C:/code/zynq_pri/zynq_study/hdmi_output_picture/rtl/syn/top.runs/impl_1/runme.log
open_hw
connect_hw_server
INFO: [Labtools 27-2285] Connecting to hw_server url TCP:localhost:3121
INFO: [Labtools 27-2222] Launching hw_server...
INFO: [Labtools 27-2221] Launch Output:

****** Xilinx hw_server v2017.4
  **** Build date : Dec 15 2017-21:08:27
    ** Copyright 1986-2017 Xilinx, Inc. All Rights Reserved.


open_hw_target
INFO: [Labtoolstcl 44-466] Opening hw_target localhost:3121/xilinx_tcf/Digilent/210512180081
set_property PROGRAM.FILE {C:/code/zynq_pri/zynq_study/hdmi_output_picture/rtl/syn/top.runs/impl_1/hdmi_colorbar_top.bit} [get_hw_devices xc7z020_1]
current_hw_device [get_hw_devices xc7z020_1]
refresh_hw_device -update_hw_probes false [lindex [get_hw_devices xc7z020_1] 0]
INFO: [Labtools 27-1435] Device xc7z020 (JTAG device index = 1) is not programmed (DONE status = 0).
set_property PROBES.FILE {} [get_hw_devices xc7z020_1]
set_property FULL_PROBES.FILE {} [get_hw_devices xc7z020_1]
set_property PROGRAM.FILE {C:/code/zynq_pri/zynq_study/hdmi_output_picture/rtl/syn/top.runs/impl_1/hdmi_colorbar_top.bit} [get_hw_devices xc7z020_1]
program_hw_devices [get_hw_devices xc7z020_1]
INFO: [Labtools 27-3164] End of startup status: HIGH
refresh_hw_device [lindex [get_hw_devices xc7z020_1] 0]
INFO: [Labtools 27-1434] Device xc7z020 (JTAG device index = 1) is programmed with a design that has no supported debug core(s) in it.
WARNING: [Labtools 27-3361] The debug hub core was not detected.
Resolution: 
1. Make sure the clock connected to the debug hub (dbg_hub) core is a free running clock and is active.
2. Make sure the BSCAN_SWITCH_USER_MASK device property in Vivado Hardware Manager reflects the user scan chain setting in the design and refresh the device.  To determine the user scan chain setting in the design, open the implemented design and use 'get_property C_USER_SCAN_CHAIN [get_debug_cores dbg_hub]'.
For more details on setting the scan chain property, consult the Vivado Debug and Programming User Guide (UG908).
ERROR: [Labtoolstcl 44-513] HW Target shutdown. Closing target: localhost:3121/xilinx_tcf/Digilent/210512180081
close_hw
close_project
exit
INFO: [Common 17-206] Exiting Vivado at Thu Apr 11 22:36:27 2024...
