Exception at PC 0x00007FF9C81753AC
Exception at PC 0x00007FF9C81753AC
Exception at PC 0x00007FF9C81753AC
Exception at PC 0x00007FF9C81753AC
Exception at PC 0x00007FF90239E132
Attemped to write at address 0x00007FF99D884AA4
Printing stacktrace...

[0]  [0x00007FF90239E132]
[1]  [0x00007FF90239E132]
[2]  [0x00007FF90239E194]
[3]  [0x00007FF901FED0D7]
[4]  [0x00007FF901ED2BCA]
[5]  [0x00007FF901ED2FD1]
[6]  [0x00007FF90239EB2F]
[7]  [0x00007FF90225C19D]
[8]  [0x00007FF902255942]
[9]  [0x00007FF902255AB5]
[10] (RtlActivateActivationContextUnsafeFast+0x12f) [0x00007FF9CA91869F]
[11] (LdrShutdownProcess+0x176) [0x00007FF9CA9410A6]
[12] (RtlExitUserProcess+0xad) [0x00007FF9CA940C9D]
[13] (ExitProcess+0xb) [0x00007FF9C87F7FAB]
[14] (exit+0x8d) [0x00007FF9CA47D7BD]
[15] (initterm_e+0x25b) [0x00007FF9CA47DE3B]
[16]  [0x00000000004014CD]
[17]  [0x000000000040151B]
[18] (BaseThreadInitThunk+0x1d) [0x00007FF9C87F257D]
[19] (RtlUserThreadStart+0x28) [0x00007FF9CA94AA48]
Done
