# do {tb_hdmi_colorbar_top_compile.do}
# ** Warning: (vlib-34) Library already exists at "modelsim_lib/work".
# ** Warning: (vlib-34) Library already exists at "modelsim_lib/msim".
# ** Warning: (vlib-34) Library already exists at "modelsim_lib/msim/xil_defaultlib".
# Model Technology ModelSim SE-64 vmap 10.6d Lib Mapping Utility 2018.02 Feb 24 2018
# vmap xil_defaultlib modelsim_lib/msim/xil_defaultlib 
# Modifying modelsim.ini
# ** Warning: (vlog-159) Mode option -64 is not supported in this context and will be ignored.
# Model Technology ModelSim SE-64 vlog 10.6d Compiler 2018.02 Feb 24 2018
# Start time: 10:58:47 on Apr 14,2024
# vlog -64 -incr -work xil_defaultlib "+incdir+../../../../top.srcs/sources_1/ip/clk_wiz_0" ../../../../top.srcs/sources_1/ip/blk_mem_gen_0/sim/blk_mem_gen_0.v ../../../../top.srcs/sources_1/ip/clk_wiz_0/clk_wiz_0_clk_wiz.v ../../../../top.srcs/sources_1/ip/clk_wiz_0/clk_wiz_0.v ../../../../../src/asyn_rst_syn.v ../../../../../src/contrast_adjust.v ../../../../../src/dvi_encoder.v ../../../../../src/dvi_transmitter_top.v ../../../../../src/fifo.v ../../../../../src/hdmi_colorbar_top.v ../../../../../src/serializer_10_to_1.v ../../../../../src/video_display.v ../../../../../src/video_driver.v ../../../../../sim/tb_src/tb_hdmi_colorbar_top.v 
# -- Skipping module blk_mem_gen_0
# -- Skipping module clk_wiz_0_clk_wiz
# -- Skipping module clk_wiz_0
# -- Skipping module asyn_rst_syn
# -- Skipping module contrast_adjust
# -- Skipping module dvi_encoder
# -- Skipping module dvi_transmitter_top
# -- Compiling module fifo
# -- Skipping module hdmi_colorbar_top
# -- Skipping module serializer_10_to_1
# -- Compiling module video_display
# -- Skipping module video_driver
# -- Skipping module tb_hdmi_colorbar_top
# 
# Top level modules:
# 	tb_hdmi_colorbar_top
# End time: 10:58:47 on Apr 14,2024, Elapsed time: 0:00:00
# Errors: 0, Warnings: 1
# Model Technology ModelSim SE-64 vlog 10.6d Compiler 2018.02 Feb 24 2018
# Start time: 10:58:47 on Apr 14,2024
# vlog -work xil_defaultlib glbl.v 
# -- Compiling module glbl
# 
# Top level modules:
# 	glbl
# End time: 10:58:47 on Apr 14,2024, Elapsed time: 0:00:00
# Errors: 0, Warnings: 0
