Copyright 1986-2017 Xilinx, Inc. All Rights Reserved.
-----------------------------------------------------------------------------------------------------------------------------------------------------------------------------------------
| Tool Version : Vivado v.2017.4 (win64) Build 2086221 Fri Dec 15 20:55:39 MST 2017
| Date         : Wed May  1 13:45:34 2024
| Host         : LAPTOP-SC6EAKJG running 64-bit major release  (build 9200)
| Command      : report_methodology -file hdmi_colorbar_top_methodology_drc_routed.rpt -pb hdmi_colorbar_top_methodology_drc_routed.pb -rpx hdmi_colorbar_top_methodology_drc_routed.rpx
| Design       : hdmi_colorbar_top
| Device       : xc7z020clg400-2
| Speed File   : -2
| Design State : Routed
-----------------------------------------------------------------------------------------------------------------------------------------------------------------------------------------

Report Methodology

Table of Contents
-----------------
1. REPORT SUMMARY
2. REPORT DETAILS

1. REPORT SUMMARY
-----------------
            Netlist: netlist
          Floorplan: design_1
      Design limits: <entire design considered>
             Max violations: <unlimited>
             Violations found: 2
+--------+----------+--------------------------------------------------------+------------+
| Rule   | Severity | Description                                            | Violations |
+--------+----------+--------------------------------------------------------+------------+
| XDCC-1 | Warning  | Scoped Clock constraint overwritten with the same name | 1          |
| XDCC-7 | Warning  | Scoped Clock constraint overwritten on the same source | 1          |
+--------+----------+--------------------------------------------------------+------------+

2. REPORT DETAILS
-----------------
XDCC-1#1 Warning
Scoped Clock constraint overwritten with the same name  
A new clock constraint create_clock overrides a previous scoped clock constraint with the same name. It is not recommended to override a scoped (typically an IP) clock constraint and could result in unexpected behaviors.
New: create_clock -period 20.000 -name sys_clk -waveform {0.000 10.000} [get_ports sys_clk] (Source: C:/code/zynq_pri/zynq_study/med_filter/rtl/syn/script/top.xdc (Line: 11))
Previous: create_clock -period 20.000 [get_ports sys_clk] (Source: c:/code/zynq_pri/zynq_study/med_filter/rtl/syn/med_filter/med_filter.srcs/sources_1/ip/clk_wiz_0/clk_wiz_0.xdc (Line: 56))
Related violations: <none>

XDCC-7#1 Warning
Scoped Clock constraint overwritten on the same source  
A new clock constraint create_clock overrides a previous scoped clock constraint defined on the same source. It is not recommended to override a scoped (typically an IP) clock constraint and could result in unexpected behaviors.
New: create_clock -period 20.000 -name sys_clk -waveform {0.000 10.000} [get_ports sys_clk] (Source: C:/code/zynq_pri/zynq_study/med_filter/rtl/syn/script/top.xdc (Line: 11))
Previous: create_clock -period 20.000 [get_ports sys_clk] (Source: c:/code/zynq_pri/zynq_study/med_filter/rtl/syn/med_filter/med_filter.srcs/sources_1/ip/clk_wiz_0/clk_wiz_0.xdc (Line: 56))
Related violations: <none>


