# do {tb_ip_2port_ram_compile.do}
# ** Warning: (vlib-34) Library already exists at "modelsim_lib/work".
# ** Warning: (vlib-34) Library already exists at "modelsim_lib/msim".
# ** Warning: (vlib-34) Library already exists at "modelsim_lib/msim/xil_defaultlib".
# Model Technology ModelSim SE-64 vmap 10.6d Lib Mapping Utility 2018.02 Feb 24 2018
# vmap xil_defaultlib modelsim_lib/msim/xil_defaultlib 
# Modifying modelsim.ini
# ** Warning: (vlog-159) Mode option -64 is not supported in this context and will be ignored.
# Model Technology ModelSim SE-64 vlog 10.6d Compiler 2018.02 Feb 24 2018
# Start time: 15:40:21 on Apr 02,2024
# vlog -64 -incr -work xil_defaultlib ../../../../top.srcs/sources_1/ip/blk_mem_gen_0/sim/blk_mem_gen_0.v ../../../../top.srcs/sources_1/ip/ila_0/sim/ila_0.v ../../../../../src/ram_rd.v ../../../../../src/ram_wr.v ../../../../../src/ip_2port_ram.v ../../../../../sim/tb/tb_ip_2port_ram.v 
# -- Skipping module blk_mem_gen_0
# -- Skipping module ila_0
# -- Skipping module ram_rd
# -- Skipping module ram_wr
# -- Skipping module ip_2port_ram
# -- Skipping module tb_ip_2port_ram
# 
# Top level modules:
# 	tb_ip_2port_ram
# End time: 15:40:21 on Apr 02,2024, Elapsed time: 0:00:00
# Errors: 0, Warnings: 1
# Model Technology ModelSim SE-64 vlog 10.6d Compiler 2018.02 Feb 24 2018
# Start time: 15:40:21 on Apr 02,2024
# vlog -work xil_defaultlib glbl.v 
# -- Compiling module glbl
# 
# Top level modules:
# 	glbl
# End time: 15:40:21 on Apr 02,2024, Elapsed time: 0:00:00
# Errors: 0, Warnings: 0
