# //  ModelSim SE-64 10.6d Feb 24 2018
# //
# //  Copyright 1991-2018 Mentor Graphics Corporation
# //  All Rights Reserved.
# //
# //  ModelSim SE-64 and its associated documentation contain trade
# //  secrets and commercial or financial information that are the property of
# //  Mentor Graphics Corporation and are privileged, confidential,
# //  and exempt from disclosure under the Freedom of Information Act,
# //  5 U.S.C. Section 552. Furthermore, this information
# //  is prohibited from disclosure under the Trade Secrets Act,
# //  18 U.S.C. Section 1905.
# //
# do {tb_ip_2port_ram_simulate.do}
# vsim -voptargs=""+acc"" -L blk_mem_gen_v8_4_1 -L xil_defaultlib -L unisims_ver -L unimacro_ver -L secureip -L xpm -lib xil_defaultlib xil_defaultlib.tb_ip_2port_ram xil_defaultlib.glbl 
# Start time: 15:40:29 on Apr 02,2024
# ** Note: (vsim-8009) Loading existing optimized design _opt
# Loading work.tb_ip_2port_ram(fast)
# Loading work.ip_2port_ram(fast)
# Loading work.ram_wr(fast)
# Loading work.blk_mem_gen_0(fast)
# Loading blk_mem_gen_v8_4_1.blk_mem_gen_v8_4_1(fast)
# Loading blk_mem_gen_v8_4_1.blk_mem_gen_v8_4_1_mem_module(fast)
# Loading blk_mem_gen_v8_4_1.blk_mem_gen_v8_4_1_output_stage(fast)
# Loading blk_mem_gen_v8_4_1.blk_mem_gen_v8_4_1_softecc_output_reg_stage(fast)
# Loading work.ram_rd(fast)
# Loading work.ila_0(fast)
# Loading work.glbl(fast)
# 1
# 1
# .main_pane.wave.interior.cs.body.pw.wf
# .main_pane.structure.interior.cs.body.struct
# .main_pane.objects.interior.cs.body.tree
# Block Memory Generator module tb_ip_2port_ram.u_ip_2port_ram.u_blk_mem_gen_0.inst.native_mem_module.blk_mem_gen_v8_4_1_inst is using a behavioral model for simulation which will not precisely model memory collision behavior.
# End time: 16:11:13 on Apr 02,2024, Elapsed time: 0:30:44
# Errors: 0, Warnings: 0
